2025-10-13 22:58:14 INFO  TC001_LoginTest:23 - *****Strting of test case
2025-10-13 22:58:15 INFO  TC001_LoginTest:28 - enter the username
2025-10-13 22:58:15 INFO  TC001_LoginTest:31 - enter the password
2025-10-13 22:58:15 INFO  TC001_LoginTest:35 - clicked on the login button
2025-10-13 23:22:13 INFO  TC001_LoginTest:23 - *****Strting of test case
2025-10-13 23:22:14 INFO  TC001_LoginTest:28 - enter the username
2025-10-13 23:22:14 INFO  TC001_LoginTest:31 - enter the password
2025-10-13 23:22:14 INFO  TC001_LoginTest:35 - clicked on the login button
2025-10-13 23:22:46 INFO  TC001_LoginTest:23 - *****Strting of test case
2025-10-13 23:22:47 INFO  TC001_LoginTest:28 - enter the username
2025-10-13 23:22:48 INFO  TC001_LoginTest:31 - enter the password
2025-10-13 23:22:48 INFO  TC001_LoginTest:35 - clicked on the login button
2025-10-13 23:24:01 INFO  TC001_LoginTest:23 - *****Strting of test case
2025-10-13 23:24:03 INFO  TC001_LoginTest:28 - enter the username
2025-10-13 23:24:03 INFO  TC001_LoginTest:31 - enter the password
2025-10-13 23:24:03 INFO  TC001_LoginTest:35 - clicked on the login button
2025-10-13 23:24:58 INFO  TC001_LoginTest:23 - *****Strting of test case
2025-10-13 23:25:01 INFO  TC001_LoginTest:28 - enter the username
2025-10-13 23:25:01 INFO  TC001_LoginTest:31 - enter the password
2025-10-13 23:25:01 INFO  TC001_LoginTest:35 - clicked on the login button
2025-10-13 23:27:00 INFO  TC001_LoginTest:23 - *****Strting of test case
2025-10-13 23:27:01 INFO  TC001_LoginTest:28 - enter the username
2025-10-13 23:27:01 INFO  TC001_LoginTest:31 - enter the password
2025-10-13 23:27:01 INFO  TC001_LoginTest:35 - clicked on the login button
2025-10-13 23:30:37 INFO  TC001_LoginTest:23 - *****Strting of test case
2025-10-13 23:30:38 INFO  TC001_LoginTest:28 - enter the username
2025-10-13 23:30:38 INFO  TC001_LoginTest:31 - enter the password
2025-10-13 23:30:38 INFO  TC001_LoginTest:35 - clicked on the login button
2025-10-13 23:30:44 INFO  TC001_LoginTest:23 - *****Strting of test case
2025-10-13 23:30:45 INFO  TC001_LoginTest:28 - enter the username
2025-10-13 23:30:45 INFO  TC001_LoginTest:31 - enter the password
2025-10-13 23:30:46 INFO  TC001_LoginTest:35 - clicked on the login button
2025-10-13 23:31:52 INFO  TC001_LoginTest:23 - *****Strting of test case
2025-10-13 23:31:53 INFO  TC001_LoginTest:23 - *****Strting of test case
2025-10-13 23:31:53 INFO  TC001_LoginTest:28 - enter the username
2025-10-13 23:31:54 INFO  TC001_LoginTest:31 - enter the password
2025-10-13 23:31:54 INFO  TC001_LoginTest:35 - clicked on the login button
2025-10-13 23:31:54 INFO  TC001_LoginTest:28 - enter the username
2025-10-13 23:31:54 INFO  TC001_LoginTest:31 - enter the password
2025-10-13 23:31:54 INFO  TC001_LoginTest:35 - clicked on the login button
2025-10-13 23:35:51 INFO  TC001_LoginTest:23 - *****Strting of test case
2025-10-13 23:35:51 INFO  TC001_LoginTest:28 - enter the username
2025-10-13 23:35:51 INFO  TC001_LoginTest:31 - enter the password
2025-10-13 23:35:51 INFO  TC001_LoginTest:35 - clicked on the login button
2025-10-14 17:00:22 INFO  TC001_LoginTest:23 - *****Strting of test case
2025-10-14 17:00:22 INFO  TC001_LoginTest:28 - enter the username
2025-10-14 17:00:22 INFO  TC001_LoginTest:31 - enter the password
2025-10-14 17:00:23 INFO  TC001_LoginTest:35 - clicked on the login button
2025-10-14 17:00:42 INFO  TC001_LoginTest:23 - *****Strting of test case
2025-10-14 17:00:42 INFO  TC001_LoginTest:28 - enter the username
2025-10-14 17:00:42 INFO  TC001_LoginTest:23 - *****Strting of test case
2025-10-14 17:00:42 INFO  TC001_LoginTest:31 - enter the password
2025-10-14 17:00:42 INFO  TC001_LoginTest:35 - clicked on the login button
2025-10-14 17:00:43 INFO  TC001_LoginTest:28 - enter the username
2025-10-14 17:00:43 INFO  TC001_LoginTest:31 - enter the password
2025-10-14 17:00:43 INFO  TC001_LoginTest:35 - clicked on the login button
2025-10-14 17:01:03 INFO  TC001_LoginTest:23 - *****Strting of test case
2025-10-14 17:01:04 INFO  TC001_LoginTest:28 - enter the username
2025-10-14 17:01:04 INFO  TC001_LoginTest:31 - enter the password
2025-10-14 17:01:05 INFO  TC001_LoginTest:35 - clicked on the login button
2025-10-14 17:01:10 INFO  TC001_LoginTest:23 - *****Strting of test case
2025-10-14 17:01:10 INFO  TC001_LoginTest:28 - enter the username
2025-10-14 17:01:11 INFO  TC001_LoginTest:31 - enter the password
2025-10-14 17:01:11 INFO  TC001_LoginTest:35 - clicked on the login button
2025-12-02 22:58:29 INFO  TC001_LoginTest:37 -     Str=arting of test case
2025-12-02 22:58:29 INFO  TC001_LoginTest:40 - enter the username
2025-12-02 22:58:30 INFO  TC001_LoginTest:43 - enter the password
2025-12-02 22:58:30 INFO  TC001_LoginTest:46 - clicked on the login button 
2025-12-02 23:19:51 INFO  TC001_LoginTest:37 -     Str=arting of test case
2025-12-02 23:19:51 INFO  TC001_LoginTest:40 - enter the username
2025-12-02 23:19:51 INFO  TC001_LoginTest:43 - enter the password
2025-12-02 23:19:51 INFO  TC001_LoginTest:46 - clicked on the login button 
2025-12-02 23:20:47 INFO  TC001_LoginTest:37 -     Str=arting of test case
2025-12-02 23:20:47 INFO  TC001_LoginTest:40 - enter the username
2025-12-02 23:20:47 INFO  TC001_LoginTest:43 - enter the password
2025-12-02 23:20:47 INFO  TC001_LoginTest:46 - clicked on the login button 
2025-12-02 23:20:54 INFO  TC001_LoginTest:37 -     Str=arting of test case
2025-12-02 23:20:54 INFO  TC001_LoginTest:40 - enter the username
2025-12-02 23:20:54 INFO  TC001_LoginTest:43 - enter the password
2025-12-02 23:20:54 INFO  TC001_LoginTest:46 - clicked on the login button 
2025-12-02 23:22:23 INFO  TC001_LoginTest:37 -     Str=arting of test case
2025-12-02 23:22:23 INFO  TC001_LoginTest:40 - enter the username
2025-12-02 23:22:24 INFO  TC001_LoginTest:43 - enter the password
2025-12-02 23:22:24 INFO  TC001_LoginTest:46 - clicked on the login button 
2025-12-02 23:22:29 INFO  TC001_LoginTest:37 -     Str=arting of test case
2025-12-02 23:22:29 INFO  TC001_LoginTest:40 - enter the username
2025-12-02 23:22:30 INFO  TC001_LoginTest:43 - enter the password
2025-12-02 23:22:30 INFO  TC001_LoginTest:46 - clicked on the login button 
2025-12-02 23:22:51 INFO  TC001_LoginTest:37 -     Str=arting of test case
2025-12-02 23:22:51 INFO  TC001_LoginTest:40 - enter the username
2025-12-02 23:22:52 INFO  TC001_LoginTest:43 - enter the password
2025-12-02 23:22:52 INFO  TC001_LoginTest:46 - clicked on the login button 
2025-12-02 23:22:57 INFO  TC001_LoginTest:37 -     Str=arting of test case
2025-12-02 23:22:57 INFO  TC001_LoginTest:40 - enter the username
2025-12-02 23:22:57 INFO  TC001_LoginTest:43 - enter the password
2025-12-02 23:22:57 INFO  TC001_LoginTest:46 - clicked on the login button 
2025-12-02 23:23:31 INFO  TC001_LoginTest:37 -     Str=arting of test case
2025-12-02 23:23:31 INFO  TC001_LoginTest:40 - enter the username
2025-12-02 23:23:32 INFO  TC001_LoginTest:43 - enter the password
2025-12-02 23:23:32 INFO  TC001_LoginTest:46 - clicked on the login button 
2025-12-02 23:23:55 INFO  TC001_LoginTest:37 -     Str=arting of test case
2025-12-02 23:23:55 INFO  TC001_LoginTest:40 - enter the username
2025-12-02 23:23:55 INFO  TC001_LoginTest:43 - enter the password
2025-12-02 23:23:55 INFO  TC001_LoginTest:46 - clicked on the login button 
2025-12-02 23:24:47 INFO  TC001_LoginTest:37 -     Str=arting of test case
2025-12-02 23:24:47 INFO  TC001_LoginTest:40 - enter the username
2025-12-02 23:24:47 INFO  TC001_LoginTest:43 - enter the password
2025-12-02 23:24:47 INFO  TC001_LoginTest:46 - clicked on the login button 
2025-12-02 23:24:47 INFO  TC001_LoginTest:37 -     Str=arting of test case
2025-12-02 23:24:48 INFO  TC001_LoginTest:40 - enter the username
2025-12-02 23:24:48 INFO  TC001_LoginTest:43 - enter the password
2025-12-02 23:24:48 INFO  TC001_LoginTest:46 - clicked on the login button 
2025-12-02 23:25:27 INFO  TC001_LoginTest:37 -     Str=arting of test case
2025-12-02 23:25:27 INFO  TC001_LoginTest:37 -     Str=arting of test case
2025-12-02 23:25:28 INFO  TC001_LoginTest:40 - enter the username
2025-12-02 23:25:28 INFO  TC001_LoginTest:40 - enter the username
2025-12-02 23:25:28 INFO  TC001_LoginTest:43 - enter the password
2025-12-02 23:25:28 INFO  TC001_LoginTest:43 - enter the password
2025-12-02 23:25:28 INFO  TC001_LoginTest:46 - clicked on the login button 
2025-12-02 23:25:28 INFO  TC001_LoginTest:46 - clicked on the login button 
2025-12-02 23:38:48 INFO  TC001_LoginTest:37 -     Str=arting of test case
2025-12-02 23:38:48 INFO  TC001_LoginTest:40 - enter the username
2025-12-02 23:38:48 INFO  TC001_LoginTest:43 - enter the password
2025-12-02 23:38:48 INFO  TC001_LoginTest:46 - clicked on the login button 
